TN:
SF:src/connection.ts
FN:13,initSchema
FN:31,openPostgres
FNF:2
FNH:2
FNDA:3,initSchema
FNDA:3,openPostgres
DA:1,1
DA:2,1
DA:13,3
DA:14,3
DA:15,3
DA:17,3
DA:18,2
DA:19,1
DA:20,3
DA:21,1
DA:22,1
DA:23,3
DA:31,3
DA:32,3
DA:33,3
DA:34,3
DA:35,3
DA:36,3
DA:37,1
DA:38,1
DA:39,1
DA:40,2
DA:41,2
LF:23
LH:23
BRDA:13,0,0,3
BRDA:17,1,0,2
BRDA:18,2,0,1
BRDA:20,3,0,1
BRDA:31,4,0,3
BRDA:35,5,0,2
BRDA:36,6,0,1
BRDA:39,7,0,2
BRF:8
BRH:8
end_of_record
TN:
SF:src/logger.ts
FN:17,createLogger
FN:20,log
FN:40,debug
FN:41,info
FN:42,warn
FN:43,error
FNF:6
FNH:6
FNDA:7,createLogger
FNDA:16,log
FNDA:4,debug
FNDA:4,info
FNDA:4,warn
FNDA:4,error
DA:3,1
DA:4,1
DA:5,1
DA:6,1
DA:7,1
DA:8,1
DA:9,1
DA:17,1
DA:18,7
DA:20,7
DA:21,16
DA:22,9
DA:23,9
DA:24,1
DA:25,1
DA:26,9
DA:27,2
DA:28,2
DA:29,9
DA:30,3
DA:31,3
DA:32,9
DA:33,3
DA:34,3
DA:35,9
DA:36,9
DA:37,16
DA:39,7
DA:40,7
DA:41,7
DA:42,7
DA:43,7
DA:44,7
DA:45,7
LF:34
LH:34
BRDA:17,0,0,7
BRDA:20,1,0,16
BRDA:21,2,0,9
BRDA:23,3,0,1
BRDA:26,4,0,2
BRDA:29,5,0,3
BRDA:32,6,0,3
BRDA:40,7,0,4
BRDA:41,8,0,4
BRDA:42,9,0,4
BRDA:43,10,0,4
BRF:11
BRH:11
end_of_record
TN:
SF:src/utils.ts
FN:1,readSql
FN:5,base64ToUtf8
FNF:2
FNH:2
FNDA:20,readSql
FNDA:2,base64ToUtf8
DA:1,1
DA:2,20
DA:3,20
DA:5,1
DA:6,2
DA:7,1
DA:8,1
DA:9,1
DA:10,1
DA:11,1
DA:16,1
DA:18,1
DA:31,1
DA:44,1
DA:65,1
DA:67,1
DA:81,1
DA:95,1
DA:109,1
DA:131,1
DA:224,1
DA:427,1
DA:442,1
DA:464,1
DA:492,1
DA:516,1
DA:517,1
DA:518,1
DA:519,1
DA:521,1
DA:523,1
DA:524,1
DA:527,1
DA:528,1
DA:529,1
DA:530,1
DA:531,1
DA:532,1
DA:533,1
DA:534,1
DA:537,1
DA:538,1
DA:539,1
DA:540,1
DA:541,1
DA:542,1
DA:543,1
DA:544,1
DA:545,1
DA:546,1
LF:50
LH:50
BRDA:1,0,0,20
BRDA:5,1,0,2
BRDA:6,2,0,1
BRF:3
BRH:3
end_of_record
TN:
SF:src/validation.ts
FN:5,isPlainObject
FN:9,isRecord
FN:13,isStringArray
FN:17,assertDocumentInput
FN:31,assertDocumentPatch
FN:44,assertEntityInput
FN:57,assertEntityPatch
FN:71,assertMatchParams
FN:84,assertSearchParams
FNF:9
FNH:9
FNDA:8,isPlainObject
FNDA:192,isRecord
FNDA:22,isStringArray
FNDA:99,assertDocumentInput
FNDA:10,assertDocumentPatch
FNDA:11,assertEntityInput
FNDA:12,assertEntityPatch
FNDA:28,assertMatchParams
FNDA:23,assertSearchParams
DA:5,8
DA:6,8
DA:7,8
DA:9,192
DA:10,192
DA:11,192
DA:13,22
DA:14,22
DA:15,22
DA:17,1
DA:18,99
DA:19,99
DA:20,99
DA:21,95
DA:22,99
DA:23,94
DA:24,99
DA:25,98
DA:26,99
DA:27,91
DA:28,99
DA:29,99
DA:31,1
DA:32,10
DA:33,9
DA:34,10
DA:35,10
DA:36,10
DA:37,10
DA:38,10
DA:39,10
DA:40,10
DA:41,10
DA:42,10
DA:44,1
DA:45,11
DA:46,11
DA:47,11
DA:48,7
DA:49,11
DA:50,6
DA:51,10
DA:52,11
DA:53,9
DA:54,11
DA:55,11
DA:57,1
DA:58,12
DA:59,12
DA:60,12
DA:61,12
DA:62,12
DA:63,6
DA:64,6
DA:65,6
DA:66,6
DA:67,12
DA:68,12
DA:69,12
DA:71,1
DA:72,28
DA:73,28
DA:74,28
DA:75,28
DA:76,28
DA:77,28
DA:78,28
DA:79,28
DA:80,28
DA:81,28
DA:82,28
DA:84,1
DA:85,23
DA:86,23
DA:87,23
DA:88,23
DA:89,23
DA:90,23
DA:91,18
DA:92,18
LF:80
LH:80
BRDA:5,0,0,8
BRDA:6,1,0,4
BRDA:6,2,0,2
BRDA:9,3,0,192
BRDA:10,4,0,188
BRDA:13,5,0,22
BRDA:14,6,0,22
BRDA:17,7,0,99
BRDA:18,8,0,1
BRDA:18,9,0,98
BRDA:19,10,0,96
BRDA:20,11,0,98
BRDA:20,12,0,3
BRDA:20,13,0,95
BRDA:22,14,0,1
BRDA:22,15,0,94
BRDA:24,16,0,1
BRDA:24,17,0,98
BRDA:24,18,0,93
BRDA:25,19,0,92
BRDA:26,20,0,91
BRDA:26,21,0,2
BRDA:27,22,0,2
BRDA:28,23,0,1
BRDA:31,24,0,10
BRDA:32,25,0,1
BRDA:32,26,0,9
BRDA:33,27,0,2
BRDA:33,28,0,7
BRDA:34,29,0,2
BRDA:35,30,0,1
BRDA:35,31,0,9
BRDA:35,32,0,6
BRDA:36,33,0,4
BRDA:36,34,0,2
BRDA:37,35,0,2
BRDA:37,36,0,8
BRDA:37,37,0,4
BRDA:38,38,0,2
BRDA:38,39,0,2
BRDA:39,40,0,8
BRDA:39,41,0,1
BRDA:39,42,0,3
BRDA:40,43,0,2
BRDA:40,44,0,2
BRDA:41,45,0,1
BRDA:44,46,0,11
BRDA:45,47,0,1
BRDA:45,48,0,10
BRDA:46,49,0,8
BRDA:47,50,0,10
BRDA:47,51,0,3
BRDA:47,52,0,7
BRDA:49,53,0,1
BRDA:49,54,0,10
BRDA:49,55,0,6
BRDA:51,56,0,2
BRDA:52,57,0,2
BRDA:52,58,0,9
BRDA:52,59,0,4
BRDA:53,60,0,2
BRDA:54,61,0,1
BRDA:57,62,0,12
BRDA:58,63,0,1
BRDA:58,64,0,11
BRDA:59,65,0,2
BRDA:59,66,0,9
BRDA:60,67,0,3
BRDA:60,68,0,1
BRDA:61,69,0,1
BRDA:61,70,0,8
BRDA:62,71,0,6
BRDA:64,72,0,5
BRDA:64,73,0,2
BRDA:65,74,0,2
BRDA:67,75,0,2
BRDA:67,76,0,2
BRDA:68,77,0,1
BRDA:71,78,0,28
BRDA:72,79,0,2
BRDA:72,80,0,26
BRDA:73,81,0,1
BRDA:73,82,0,25
BRDA:74,83,0,14
BRDA:75,84,0,0
BRDA:75,85,0,25
BRDA:76,86,0,2
BRDA:77,87,0,1
BRDA:77,88,0,24
BRDA:78,89,0,2
BRDA:79,90,0,1
BRDA:79,91,0,23
BRDA:80,92,0,18
BRDA:81,93,0,1
BRDA:84,94,0,23
BRDA:85,95,0,0
BRDA:86,96,0,0
BRDA:87,97,0,22
BRDA:88,98,0,3
BRDA:88,99,0,20
BRDA:89,100,0,16
BRDA:90,101,0,2
BRDA:90,102,0,18
BRF:103
BRH:100
end_of_record
TN:
SF:src/utils/embeddings.ts
FN:12,createLocalEmbeddingProvider
FN:24,getExtractor
FN:33,l2norm
FN:43,embedAsync
FN:73,get dimension
FN:76,embed
FNF:6
FNH:6
FNDA:4,createLocalEmbeddingProvider
FNDA:4,getExtractor
FNDA:3,l2norm
FNDA:4,embedAsync
FNDA:1,get dimension
FNDA:4,embed
DA:1,1
DA:12,4
DA:16,4
DA:17,4
DA:18,4
DA:19,4
DA:22,4
DA:24,4
DA:25,4
DA:27,4
DA:28,4
DA:29,4
DA:30,4
DA:31,4
DA:33,4
DA:34,3
DA:35,3
DA:36,3
DA:37,3
DA:38,3
DA:39,3
DA:40,3
DA:41,3
DA:43,4
DA:44,4
DA:45,4
DA:47,4
DA:48,4
DA:49,3
DA:50,4
DA:52,1
DA:53,1
DA:54,1
DA:55,0
DA:56,0
DA:57,0
DA:59,0
DA:60,0
DA:61,0
DA:62,0
DA:63,0
DA:64,0
DA:65,4
DA:66,4
DA:70,4
DA:71,4
DA:72,4
DA:73,4
DA:74,1
DA:75,1
DA:76,4
DA:77,4
DA:78,4
DA:79,4
DA:80,4
DA:81,4
DA:83,4
DA:84,4
LF:58
LH:49
BRDA:12,0,0,4
BRDA:17,1,0,2
BRDA:17,2,0,3
BRDA:18,3,0,2
BRDA:19,4,0,2
BRDA:19,5,0,3
BRDA:24,6,0,4
BRDA:27,7,0,1
BRDA:27,8,0,3
BRDA:33,9,0,3
BRDA:35,10,0,9
BRDA:36,11,0,0
BRDA:38,12,0,9
BRDA:43,13,0,4
BRDA:48,14,0,3
BRDA:50,15,0,1
BRDA:54,16,0,0
BRDA:65,17,0,3
BRDA:65,18,0,1
BRDA:73,19,0,1
BRDA:76,20,0,4
BRF:21
BRH:19
end_of_record
TN:
SF:src/utils/json.ts
FN:11,stringifyJsonValues
FN:15,pushPrimitive
FN:46,visit
FNF:3
FNH:3
FNDA:10,stringifyJsonValues
FNDA:23,pushPrimitive
FNDA:32,visit
DA:11,1
DA:12,10
DA:13,10
DA:15,10
DA:16,23
DA:17,23
DA:18,3
DA:19,0
DA:20,3
DA:21,23
DA:22,12
DA:23,3
DA:24,12
DA:25,23
DA:26,3
DA:27,3
DA:28,23
DA:29,0
DA:30,0
DA:31,23
DA:33,1
DA:34,23
DA:36,1
DA:37,23
DA:39,1
DA:40,23
DA:41,2
DA:42,2
DA:43,23
DA:44,23
DA:46,10
DA:48,32
DA:49,23
DA:50,23
DA:51,23
DA:54,32
DA:55,1
DA:56,4
DA:57,4
DA:58,1
DA:59,1
DA:62,8
DA:63,8
DA:64,7
DA:67,7
DA:68,32
DA:70,18
DA:71,18
DA:72,18
DA:74,0
DA:75,18
DA:76,32
DA:78,10
DA:79,10
DA:80,10
DA:82,0
DA:85,10
DA:86,10
LF:58
LH:53
BRDA:11,0,0,10
BRDA:80,1,0,0
BRDA:15,2,0,23
BRDA:17,3,0,3
BRDA:18,4,0,0
BRDA:21,5,0,12
BRDA:22,6,0,9
BRDA:22,7,0,3
BRDA:25,8,0,3
BRDA:28,9,0,0
BRDA:31,10,0,1
BRDA:34,11,0,1
BRDA:37,12,0,1
BRDA:40,13,0,2
BRDA:46,14,0,32
BRDA:48,15,0,30
BRDA:48,16,0,23
BRDA:51,17,0,9
BRDA:54,18,0,1
BRDA:55,19,0,4
BRDA:59,20,0,8
BRDA:63,21,0,1
BRDA:63,22,0,7
BRDA:68,23,0,18
BRDA:72,24,0,0
BRDA:75,25,0,7
BRDA:85,26,0,20
BRF:27
BRH:23
end_of_record
TN:
SF:src/utils/tokenizer.ts
FN:25,getEncoder
FN:32,tokenize
FN:61,toFtsText
FN:66,toWords
FN:82,simpleHash32
FNF:5
FNH:4
FNDA:2,getEncoder
FNDA:2,tokenize
FNDA:1,toFtsText
FNDA:1,toWords
FNDA:0,simpleHash32
DA:9,1
DA:23,1
DA:25,2
DA:26,2
DA:27,1
DA:28,1
DA:29,2
DA:30,2
DA:32,1
DA:33,2
DA:34,2
DA:36,2
DA:37,2
DA:38,2
DA:39,2
DA:40,2
DA:41,2
DA:42,2
DA:43,2
DA:44,2
DA:45,2
DA:46,2
DA:48,2
DA:50,0
DA:51,2
DA:54,0
DA:55,0
DA:56,0
DA:57,0
DA:61,1
DA:62,1
DA:63,1
DA:64,1
DA:66,1
DA:67,1
DA:68,1
DA:69,1
DA:71,1
DA:73,1
DA:75,1
DA:76,1
DA:77,1
DA:78,1
DA:80,1
DA:82,0
DA:83,0
DA:84,0
DA:85,0
DA:86,0
DA:87,0
DA:89,0
DA:90,0
LF:52
LH:39
BRDA:25,0,0,2
BRDA:26,1,0,1
BRDA:32,2,0,2
BRDA:48,3,0,0
BRDA:51,4,0,0
BRDA:61,5,0,1
BRDA:66,6,0,1
BRF:7
BRH:5
end_of_record
